{"/Users/sugyant/multi-tenant-config/src/app.ts": {"path":"/Users/sugyant/multi-tenant-config/src/app.ts","statementMap":{"0":{"start":{"line":1,"column":0},"end":{"line":1,"column":47}},"1":{"start":{"line":2,"column":0},"end":{"line":2,"column":30}},"2":{"start":{"line":3,"column":0},"end":{"line":3,"column":41}},"3":{"start":{"line":4,"column":0},"end":{"line":4,"column":54}},"4":{"start":{"line":6,"column":12},"end":{"line":6,"column":21}},"5":{"start":{"line":8,"column":0},"end":{"line":8,"column":16}},"6":{"start":{"line":10,"column":0},"end":{"line":10,"column":37}},"7":{"start":{"line":12,"column":0},"end":{"line":12,"column":36}},"8":{"start":{"line":14,"column":0},"end":{"line":22,"column":3}},"9":{"start":{"line":21,"column":1},"end":{"line":21,"column":45}},"10":{"start":{"line":24,"column":0},"end":{"line":28,"column":3}},"11":{"start":{"line":25,"column":1},"end":{"line":25,"column":null}},"12":{"start":{"line":27,"column":1},"end":{"line":27,"column":26}},"13":{"start":{"line":30,"column":0},"end":{"line":30,"column":null}}},"fnMap":{"0":{"name":"(anonymous_1)","decl":{"start":{"line":14,"column":8},"end":{"line":14,"column":null}},"loc":{"start":{"line":19,"column":4},"end":{"line":22,"column":1}}},"1":{"name":"(anonymous_2)","decl":{"start":{"line":24,"column":19},"end":{"line":24,"column":21}},"loc":{"start":{"line":24,"column":23},"end":{"line":26,"column":1}}},"2":{"name":"(anonymous_3)","decl":{"start":{"line":26,"column":9},"end":{"line":26,"column":10}},"loc":{"start":{"line":26,"column":17},"end":{"line":28,"column":1}}}},"branchMap":{},"s":{"0":1,"1":1,"2":1,"3":1,"4":1,"5":1,"6":1,"7":1,"8":1,"9":0,"10":1,"11":1,"12":0,"13":1},"f":{"0":0,"1":1,"2":0},"b":{}}
,"/Users/sugyant/multi-tenant-config/src/controller/tenantConfigController.ts": {"path":"/Users/sugyant/multi-tenant-config/src/controller/tenantConfigController.ts","statementMap":{"0":{"start":{"line":3,"column":0},"end":{"line":3,"column":53}},"1":{"start":{"line":6,"column":50},"end":{"line":13,"column":null}},"2":{"start":{"line":6,"column":76},"end":{"line":13,"column":null}},"3":{"start":{"line":8,"column":1},"end":{"line":10,"column":null}},"4":{"start":{"line":9,"column":2},"end":{"line":9,"column":100}},"5":{"start":{"line":11,"column":14},"end":{"line":11,"column":51}},"6":{"start":{"line":12,"column":1},"end":{"line":12,"column":89}},"7":{"start":{"line":6,"column":13},"end":{"line":6,"column":50}},"8":{"start":{"line":15,"column":50},"end":{"line":25,"column":null}},"9":{"start":{"line":15,"column":76},"end":{"line":25,"column":null}},"10":{"start":{"line":17,"column":1},"end":{"line":19,"column":null}},"11":{"start":{"line":18,"column":2},"end":{"line":18,"column":98}},"12":{"start":{"line":21,"column":20},"end":{"line":21,"column":30}},"13":{"start":{"line":22,"column":32},"end":{"line":22,"column":64}},"14":{"start":{"line":23,"column":1},"end":{"line":23,"column":43}},"15":{"start":{"line":24,"column":1},"end":{"line":24,"column":91}},"16":{"start":{"line":15,"column":13},"end":{"line":15,"column":50}},"17":{"start":{"line":28,"column":50},"end":{"line":32,"column":null}},"18":{"start":{"line":28,"column":74},"end":{"line":32,"column":null}},"19":{"start":{"line":29,"column":35},"end":{"line":29,"column":58}},"20":{"start":{"line":30,"column":2},"end":{"line":30,"column":83}},"21":{"start":{"line":28,"column":13},"end":{"line":28,"column":50}},"22":{"start":{"line":34,"column":50},"end":{"line":45,"column":null}},"23":{"start":{"line":34,"column":73},"end":{"line":45,"column":null}},"24":{"start":{"line":36,"column":1},"end":{"line":38,"column":null}},"25":{"start":{"line":37,"column":2},"end":{"line":37,"column":97}},"26":{"start":{"line":40,"column":20},"end":{"line":40,"column":30}},"27":{"start":{"line":41,"column":1},"end":{"line":41,"column":56}},"28":{"start":{"line":42,"column":39},"end":{"line":42,"column":71}},"29":{"start":{"line":43,"column":1},"end":{"line":43,"column":86}},"30":{"start":{"line":34,"column":13},"end":{"line":34,"column":50}},"31":{"start":{"line":47,"column":57},"end":{"line":71,"column":null}},"32":{"start":{"line":47,"column":80},"end":{"line":71,"column":null}},"33":{"start":{"line":48,"column":20},"end":{"line":48,"column":30}},"34":{"start":{"line":49,"column":32},"end":{"line":49,"column":64}},"35":{"start":{"line":50,"column":1},"end":{"line":68,"column":null}},"36":{"start":{"line":51,"column":1},"end":{"line":51,"column":64}},"37":{"start":{"line":54,"column":40},"end":{"line":54,"column":72}},"38":{"start":{"line":55,"column":2},"end":{"line":67,"column":null}},"39":{"start":{"line":57,"column":2},"end":{"line":57,"column":71}},"40":{"start":{"line":58,"column":2},"end":{"line":58,"column":72}},"41":{"start":{"line":61,"column":31},"end":{"line":62,"column":67}},"42":{"start":{"line":64,"column":2},"end":{"line":64,"column":66}},"43":{"start":{"line":66,"column":2},"end":{"line":66,"column":69}},"44":{"start":{"line":47,"column":13},"end":{"line":47,"column":57}}},"fnMap":{"0":{"name":"(anonymous_7)","decl":{"start":{"line":6,"column":50},"end":{"line":6,"column":57}},"loc":{"start":{"line":6,"column":76},"end":{"line":13,"column":null}}},"1":{"name":"(anonymous_8)","decl":{"start":{"line":6,"column":76},"end":{"line":6,"column":null}},"loc":{"start":{"line":6,"column":76},"end":{"line":13,"column":1}}},"2":{"name":"(anonymous_9)","decl":{"start":{"line":15,"column":50},"end":{"line":15,"column":57}},"loc":{"start":{"line":15,"column":76},"end":{"line":25,"column":null}}},"3":{"name":"(anonymous_10)","decl":{"start":{"line":15,"column":76},"end":{"line":15,"column":null}},"loc":{"start":{"line":15,"column":76},"end":{"line":25,"column":1}}},"4":{"name":"(anonymous_11)","decl":{"start":{"line":28,"column":50},"end":{"line":28,"column":56}},"loc":{"start":{"line":28,"column":74},"end":{"line":32,"column":null}}},"5":{"name":"(anonymous_12)","decl":{"start":{"line":28,"column":74},"end":{"line":28,"column":null}},"loc":{"start":{"line":28,"column":74},"end":{"line":32,"column":1}}},"6":{"name":"(anonymous_13)","decl":{"start":{"line":34,"column":50},"end":{"line":34,"column":56}},"loc":{"start":{"line":34,"column":73},"end":{"line":45,"column":null}}},"7":{"name":"(anonymous_14)","decl":{"start":{"line":34,"column":73},"end":{"line":34,"column":null}},"loc":{"start":{"line":34,"column":73},"end":{"line":45,"column":1}}},"8":{"name":"(anonymous_15)","decl":{"start":{"line":47,"column":57},"end":{"line":47,"column":63}},"loc":{"start":{"line":47,"column":80},"end":{"line":71,"column":null}}},"9":{"name":"(anonymous_16)","decl":{"start":{"line":47,"column":80},"end":{"line":47,"column":null}},"loc":{"start":{"line":47,"column":80},"end":{"line":71,"column":1}}}},"branchMap":{"0":{"loc":{"start":{"line":8,"column":1},"end":{"line":10,"column":null}},"type":"if","locations":[{"start":{"line":8,"column":1},"end":{"line":10,"column":null}}]},"1":{"loc":{"start":{"line":17,"column":1},"end":{"line":19,"column":null}},"type":"if","locations":[{"start":{"line":17,"column":1},"end":{"line":19,"column":null}}]},"2":{"loc":{"start":{"line":36,"column":1},"end":{"line":38,"column":null}},"type":"if","locations":[{"start":{"line":36,"column":1},"end":{"line":38,"column":null}}]},"3":{"loc":{"start":{"line":50,"column":1},"end":{"line":68,"column":null}},"type":"if","locations":[{"start":{"line":50,"column":1},"end":{"line":68,"column":null}},{"start":{"line":53,"column":5},"end":{"line":68,"column":null}}]},"4":{"loc":{"start":{"line":50,"column":5},"end":{"line":50,"column":47}},"type":"binary-expr","locations":[{"start":{"line":50,"column":5},"end":{"line":50,"column":12}},{"start":{"line":50,"column":16},"end":{"line":50,"column":47}}]},"5":{"loc":{"start":{"line":51,"column":29},"end":{"line":51,"column":62}},"type":"cond-expr","locations":[{"start":{"line":51,"column":49},"end":{"line":51,"column":51}},{"start":{"line":51,"column":51},"end":{"line":51,"column":62}}]},"6":{"loc":{"start":{"line":51,"column":29},"end":{"line":51,"column":51}},"type":"binary-expr","locations":[{"start":{"line":51,"column":29},"end":{"line":51,"column":51}},{"start":{"line":51,"column":49},"end":{"line":51,"column":51}}]},"7":{"loc":{"start":{"line":51,"column":29},"end":{"line":51,"column":49}},"type":"cond-expr","locations":[{"start":{"line":51,"column":36},"end":{"line":51,"column":38}},{"start":{"line":51,"column":29},"end":{"line":51,"column":49}}]},"8":{"loc":{"start":{"line":51,"column":29},"end":{"line":51,"column":38}},"type":"binary-expr","locations":[{"start":{"line":51,"column":29},"end":{"line":51,"column":38}},{"start":{"line":51,"column":29},"end":{"line":51,"column":38}}]},"9":{"loc":{"start":{"line":55,"column":2},"end":{"line":67,"column":null}},"type":"if","locations":[{"start":{"line":55,"column":2},"end":{"line":67,"column":null}},{"start":{"line":60,"column":6},"end":{"line":67,"column":null}}]},"10":{"loc":{"start":{"line":55,"column":6},"end":{"line":55,"column":62}},"type":"binary-expr","locations":[{"start":{"line":55,"column":6},"end":{"line":55,"column":20}},{"start":{"line":55,"column":24},"end":{"line":55,"column":62}}]},"11":{"loc":{"start":{"line":58,"column":30},"end":{"line":58,"column":70}},"type":"cond-expr","locations":[{"start":{"line":58,"column":57},"end":{"line":58,"column":59}},{"start":{"line":58,"column":59},"end":{"line":58,"column":70}}]},"12":{"loc":{"start":{"line":58,"column":30},"end":{"line":58,"column":59}},"type":"binary-expr","locations":[{"start":{"line":58,"column":30},"end":{"line":58,"column":59}},{"start":{"line":58,"column":57},"end":{"line":58,"column":59}}]},"13":{"loc":{"start":{"line":58,"column":30},"end":{"line":58,"column":57}},"type":"cond-expr","locations":[{"start":{"line":58,"column":44},"end":{"line":58,"column":46}},{"start":{"line":58,"column":30},"end":{"line":58,"column":57}}]},"14":{"loc":{"start":{"line":58,"column":30},"end":{"line":58,"column":46}},"type":"binary-expr","locations":[{"start":{"line":58,"column":30},"end":{"line":58,"column":46}},{"start":{"line":58,"column":30},"end":{"line":58,"column":46}}]},"15":{"loc":{"start":{"line":61,"column":41},"end":{"line":61,"column":79}},"type":"cond-expr","locations":[{"start":{"line":61,"column":75},"end":{"line":61,"column":77}},{"start":{"line":61,"column":77},"end":{"line":61,"column":79}}]},"16":{"loc":{"start":{"line":61,"column":41},"end":{"line":61,"column":77}},"type":"binary-expr","locations":[{"start":{"line":61,"column":41},"end":{"line":61,"column":77}},{"start":{"line":61,"column":75},"end":{"line":61,"column":77}}]},"17":{"loc":{"start":{"line":62,"column":14},"end":{"line":62,"column":55}},"type":"cond-expr","locations":[{"start":{"line":62,"column":51},"end":{"line":62,"column":53}},{"start":{"line":62,"column":53},"end":{"line":62,"column":55}}]},"18":{"loc":{"start":{"line":62,"column":14},"end":{"line":62,"column":53}},"type":"binary-expr","locations":[{"start":{"line":62,"column":14},"end":{"line":62,"column":53}},{"start":{"line":62,"column":51},"end":{"line":62,"column":53}}]},"19":{"loc":{"start":{"line":66,"column":30},"end":{"line":66,"column":67}},"type":"cond-expr","locations":[{"start":{"line":66,"column":54},"end":{"line":66,"column":56}},{"start":{"line":66,"column":56},"end":{"line":66,"column":67}}]},"20":{"loc":{"start":{"line":66,"column":30},"end":{"line":66,"column":56}},"type":"binary-expr","locations":[{"start":{"line":66,"column":30},"end":{"line":66,"column":56}},{"start":{"line":66,"column":54},"end":{"line":66,"column":56}}]},"21":{"loc":{"start":{"line":66,"column":30},"end":{"line":66,"column":54}},"type":"cond-expr","locations":[{"start":{"line":66,"column":41},"end":{"line":66,"column":43}},{"start":{"line":66,"column":30},"end":{"line":66,"column":54}}]},"22":{"loc":{"start":{"line":66,"column":30},"end":{"line":66,"column":43}},"type":"binary-expr","locations":[{"start":{"line":66,"column":30},"end":{"line":66,"column":43}},{"start":{"line":66,"column":30},"end":{"line":66,"column":43}}]}},"s":{"0":1,"1":1,"2":3,"3":3,"4":1,"5":2,"6":2,"7":1,"8":1,"9":4,"10":4,"11":1,"12":3,"13":3,"14":3,"15":3,"16":1,"17":1,"18":1,"19":1,"20":1,"21":1,"22":1,"23":2,"24":2,"25":1,"26":1,"27":1,"28":1,"29":1,"30":1,"31":1,"32":3,"33":3,"34":3,"35":3,"36":1,"37":2,"38":2,"39":1,"40":1,"41":1,"42":1,"43":1,"44":1},"f":{"0":3,"1":3,"2":4,"3":4,"4":1,"5":1,"6":2,"7":2,"8":3,"9":3},"b":{"0":[1],"1":[1],"2":[1],"3":[1,2],"4":[3,1],"5":[1,0],"6":[1,1],"7":[0,1],"8":[1,1],"9":[1,1],"10":[2,1],"11":[1,0],"12":[1,1],"13":[0,1],"14":[1,1],"15":[0,1],"16":[1,1],"17":[0,1],"18":[1,1],"19":[1,0],"20":[1,1],"21":[0,1],"22":[1,1]}}
,"/Users/sugyant/multi-tenant-config/src/db/tenantConfigDB.ts": {"path":"/Users/sugyant/multi-tenant-config/src/db/tenantConfigDB.ts","statementMap":{"0":{"start":{"line":1,"column":0},"end":{"line":1,"column":49}},"1":{"start":{"line":2,"column":0},"end":{"line":2,"column":53}},"2":{"start":{"line":4,"column":15},"end":{"line":12,"column":2}},"3":{"start":{"line":14,"column":0},"end":{"line":14,"column":22}}},"fnMap":{},"branchMap":{},"s":{"0":1,"1":1,"2":1,"3":1},"f":{},"b":{}}
,"/Users/sugyant/multi-tenant-config/src/models/tenantConfigModels.ts": {"path":"/Users/sugyant/multi-tenant-config/src/models/tenantConfigModels.ts","statementMap":{"0":{"start":{"line":1,"column":0},"end":{"line":1,"column":81}},"1":{"start":{"line":9,"column":7},"end":{"line":25,"column":null}},"2":{"start":{"line":17,"column":2},"end":{"line":17,"column":null}},"3":{"start":{"line":23,"column":2},"end":{"line":23,"column":null}},"4":{"start":{"line":9,"column":13},"end":{"line":25,"column":null}},"5":{"start":{"line":9,"column":13},"end":{"line":9,"column":20}}},"fnMap":{},"branchMap":{},"s":{"0":1,"1":1,"2":1,"3":1,"4":1,"5":1},"f":{},"b":{}}
,"/Users/sugyant/multi-tenant-config/src/routes/tenantConfigRoutes.ts": {"path":"/Users/sugyant/multi-tenant-config/src/routes/tenantConfigRoutes.ts","statementMap":{"0":{"start":{"line":1,"column":0},"end":{"line":1,"column":31}},"1":{"start":{"line":3,"column":0},"end":{"line":3,"column":null}},"2":{"start":{"line":11,"column":15},"end":{"line":11,"column":23}},"3":{"start":{"line":13,"column":0},"end":{"line":13,"column":36}},"4":{"start":{"line":15,"column":0},"end":{"line":15,"column":35}},"5":{"start":{"line":17,"column":0},"end":{"line":17,"column":51}},"6":{"start":{"line":19,"column":0},"end":{"line":19,"column":44}},"7":{"start":{"line":21,"column":0},"end":{"line":21,"column":47}},"8":{"start":{"line":23,"column":0},"end":{"line":23,"column":38}},"9":{"start":{"line":25,"column":0},"end":{"line":25,"column":35}},"10":{"start":{"line":27,"column":0},"end":{"line":27,"column":22}}},"fnMap":{},"branchMap":{},"s":{"0":1,"1":1,"2":1,"3":1,"4":1,"5":1,"6":1,"7":1,"8":1,"9":1,"10":1},"f":{},"b":{}}
}
