TN:
SF:src/app.ts
FN:14,(anonymous_1)
FN:24,(anonymous_2)
FN:26,(anonymous_3)
FNF:3
FNH:1
FNDA:0,(anonymous_1)
FNDA:1,(anonymous_2)
FNDA:0,(anonymous_3)
DA:1,1
DA:2,1
DA:3,1
DA:4,1
DA:6,1
DA:8,1
DA:10,1
DA:12,1
DA:14,1
DA:21,0
DA:24,1
DA:25,1
DA:27,0
DA:30,1
LF:14
LH:12
BRF:0
BRH:0
end_of_record
TN:
SF:src/controller/tenantConfigController.ts
FN:6,(anonymous_7)
FN:6,(anonymous_8)
FN:15,(anonymous_9)
FN:15,(anonymous_10)
FN:28,(anonymous_11)
FN:28,(anonymous_12)
FN:34,(anonymous_13)
FN:34,(anonymous_14)
FN:47,(anonymous_15)
FN:47,(anonymous_16)
FNF:10
FNH:10
FNDA:3,(anonymous_7)
FNDA:3,(anonymous_8)
FNDA:4,(anonymous_9)
FNDA:4,(anonymous_10)
FNDA:1,(anonymous_11)
FNDA:1,(anonymous_12)
FNDA:2,(anonymous_13)
FNDA:2,(anonymous_14)
FNDA:3,(anonymous_15)
FNDA:3,(anonymous_16)
DA:3,1
DA:6,3
DA:8,3
DA:9,1
DA:11,2
DA:12,2
DA:15,4
DA:17,4
DA:18,1
DA:21,3
DA:22,3
DA:23,3
DA:24,3
DA:28,1
DA:29,1
DA:30,1
DA:34,2
DA:36,2
DA:37,1
DA:40,1
DA:41,1
DA:42,1
DA:43,1
DA:47,3
DA:48,3
DA:49,3
DA:50,3
DA:51,1
DA:54,2
DA:55,2
DA:57,1
DA:58,1
DA:61,1
DA:64,1
DA:66,1
LF:35
LH:35
BRDA:8,0,0,1
BRDA:17,1,0,1
BRDA:36,2,0,1
BRDA:50,3,0,1
BRDA:50,3,1,2
BRDA:50,4,0,3
BRDA:50,4,1,1
BRDA:51,5,0,1
BRDA:51,5,1,0
BRDA:51,6,0,1
BRDA:51,6,1,1
BRDA:51,7,0,0
BRDA:51,7,1,1
BRDA:51,8,0,1
BRDA:51,8,1,1
BRDA:55,9,0,1
BRDA:55,9,1,1
BRDA:55,10,0,2
BRDA:55,10,1,1
BRDA:58,11,0,1
BRDA:58,11,1,0
BRDA:58,12,0,1
BRDA:58,12,1,1
BRDA:58,13,0,0
BRDA:58,13,1,1
BRDA:58,14,0,1
BRDA:58,14,1,1
BRDA:61,15,0,0
BRDA:61,15,1,1
BRDA:61,16,0,1
BRDA:61,16,1,1
BRDA:62,17,0,0
BRDA:62,17,1,1
BRDA:62,18,0,1
BRDA:62,18,1,1
BRDA:66,19,0,1
BRDA:66,19,1,0
BRDA:66,20,0,1
BRDA:66,20,1,1
BRDA:66,21,0,0
BRDA:66,21,1,1
BRDA:66,22,0,1
BRDA:66,22,1,1
BRF:43
BRH:35
end_of_record
TN:
SF:src/db/tenantConfigDB.ts
FNF:0
FNH:0
DA:1,1
DA:2,1
DA:4,1
DA:14,1
LF:4
LH:4
BRF:0
BRH:0
end_of_record
TN:
SF:src/models/tenantConfigModels.ts
FNF:0
FNH:0
DA:1,1
DA:9,1
DA:17,1
DA:23,1
LF:4
LH:4
BRF:0
BRH:0
end_of_record
TN:
SF:src/routes/tenantConfigRoutes.ts
FNF:0
FNH:0
DA:1,1
DA:3,1
DA:11,1
DA:13,1
DA:15,1
DA:17,1
DA:19,1
DA:21,1
DA:23,1
DA:25,1
DA:27,1
LF:11
LH:11
BRF:0
BRH:0
end_of_record
